(0 0) [7]
(1 0) [0]
(1 1) [1]
(1 2) [4]
(1 3) [6]
(1 4) [3]
(2 4) [3]
(3 4) [1]
(4 4) [4]
(4 5) [3]
(4 6) [0]
(4 7) [1]
(4 8) [0]
(4 9) [2]
(4 10) [2]
(4 11) [5]
(5 11) [6]
(6 11) [9]
(7 11) [7]
(7 12) [6]
(8 12) [4]
(9 12) [6]
(10 12) [4]
(11 12) [6]
(11 13) [6]
(11 14) [9]
(11 15) [1]
(12 15) [9]
(13 15) [6]
(14 15) [9]
(15 15) [8]
(16 15) [9]
(17 15) [8]
(18 15) [8]
(19 15) [5]
(19 16) [7]
(20 16) [4]
(20 17) [7]
(21 17) [7]
(21 18) [9]
(21 19) [2]
(22 19) [9]
(22 20) [0]
(23 20) [8]
(24 20) [7]
(25 20) [5]
(26 20) [3]
(27 20) [3]
(28 20) [4]
(29 20) [1]
(29 21) [2]
(29 22) [0]
(30 22) [9]
(30 23) [6]
(31 23) [6]
(32 23) [8]
(33 23) [0]
(34 23) [8]
(35 23) [7]
(35 24) [0]
(36 24) [3]
(36 25) [0]
(37 25) [7]
(37 26) [5]
(37 27) [7]
(38 27) [8]
(38 28) [6]
(38 29) [5]
(39 29) [2]
